<?xml version="1.0" encoding="UTF-8"?>
<!-- Generated by org.testng.reporters.JUnitReportReporter -->
<testsuite hostname="DESKTOP-NQ704LS" failures="0" tests="1" name="restapi.Getapi" time="1.361" errors="0" timestamp="2024-10-16T15:02:33 IST" skipped="0">
  <testcase classname="restapi.Getapi" name="getapirequest" time="1.361"/>
</testsuite> <!-- restapi.Getapi -->
